63.0 APEX_CODE,FINEST;APEX_PROFILING,INFO;CALLOUT,INFO;DATA_ACCESS,INFO;DB,INFO;NBA,INFO;SYSTEM,DEBUG;VALIDATION,INFO;VISUALFORCE,FINER;WAVE,INFO;WORKFLOW,INFO
 
Execute Anonymous:  testClassAccount.test();
14:36:35.6 (6187230)|USER_INFO|[EXTERNAL]|005Qy000007oDQL|sai@kir.com|(GMT+05:30) India Standard Time (Asia/Kolkata)|GMT+05:30
14:36:35.6 (6207910)|EXECUTION_STARTED
14:36:35.6 (6215416)|CODE_UNIT_STARTED|[EXTERNAL]|execute_anonymous_apex
14:36:35.6 (6415504)|HEAP_ALLOCATE|[93]|Bytes:3
14:36:35.6 (6455042)|HEAP_ALLOCATE|[98]|Bytes:152
14:36:35.6 (6469626)|HEAP_ALLOCATE|[415]|Bytes:408
14:36:35.6 (6480050)|HEAP_ALLOCATE|[428]|Bytes:408
14:36:35.6 (6488350)|HEAP_ALLOCATE|[536]|Bytes:48
14:36:35.6 (6507302)|HEAP_ALLOCATE|[247]|Bytes:6
14:36:35.6 (6527277)|HEAP_ALLOCATE|[EXTERNAL]|Bytes:1
14:36:35.6 (6599198)|STATEMENT_EXECUTE|[1]
14:36:35.6 (6600362)|STATEMENT_EXECUTE|[1]
14:36:35.6 (6660934)|HEAP_ALLOCATE|[68]|Bytes:5
14:36:35.6 (6684012)|HEAP_ALLOCATE|[74]|Bytes:5
14:36:35.6 (6688645)|HEAP_ALLOCATE|[82]|Bytes:7
14:36:35.6 (6702985)|SYSTEM_MODE_ENTER|false
14:36:35.6 (6723351)|HEAP_ALLOCATE|[1]|Bytes:5
14:36:35.6 (21307582)|HEAP_ALLOCATE|[1]|Bytes:1
14:36:35.6 (21347188)|METHOD_ENTRY|[2]|01pQy00000E7MIH|testClassAccount.testClassAccount()
14:36:35.6 (21354292)|STATEMENT_EXECUTE|[2]
14:36:35.6 (21362420)|STATEMENT_EXECUTE|[2]
14:36:35.6 (21370025)|METHOD_EXIT|[2]|testClassAccount
14:36:35.6 (21406310)|METHOD_ENTRY|[1]|01pQy00000E7MIH|testClassAccount.test()
14:36:35.6 (21495912)|EXCEPTION_THROWN|[EXTERNAL]|System.TypeException: Cannot call test methods in non-test context
14:36:35.6 (21595305)|HEAP_ALLOCATE|[5]|Bytes:48
14:36:35.6 (21608996)|METHOD_EXIT|[1]|01pQy00000E7MIH|testClassAccount.test()
14:36:35.6 (21620650)|SYSTEM_MODE_EXIT|false
14:36:35.6 (21691378)|FATAL_ERROR|System.TypeException: Cannot call test methods in non-test context

External entry point
AnonymousBlock: line 1, column 1
AnonymousBlock: line 1, column 1
14:36:35.21 (21721445)|CUMULATIVE_LIMIT_USAGE
14:36:35.21 (21721445)|LIMIT_USAGE_FOR_NS|(default)|
  Number of SOQL queries: 0 out of 100
  Number of query rows: 0 out of 50000
  Number of SOSL queries: 0 out of 20
  Number of DML statements: 0 out of 150
  Number of Publish Immediate DML: 0 out of 150
  Number of DML rows: 0 out of 10000
  Maximum CPU time: 0 out of 10000
  Maximum heap size: 0 out of 6000000
  Number of callouts: 0 out of 100
  Number of Email Invocations: 0 out of 10
  Number of future calls: 0 out of 50
  Number of queueable jobs added to the queue: 0 out of 50
  Number of Mobile Apex push calls: 0 out of 10

14:36:35.21 (21721445)|CUMULATIVE_LIMIT_USAGE_END

14:36:35.6 (21748202)|CODE_UNIT_FINISHED|execute_anonymous_apex
14:36:35.6 (21753274)|EXECUTION_FINISHED
