63.0 APEX_CODE,FINEST;APEX_PROFILING,INFO;CALLOUT,INFO;DATA_ACCESS,INFO;DB,INFO;NBA,INFO;SYSTEM,DEBUG;VALIDATION,INFO;VISUALFORCE,INFO;WAVE,INFO;WORKFLOW,INFO
12:37:26.1 (1038435)|USER_INFO|[EXTERNAL]|005Qy000007oDQL|sai@kir.com|(GMT+05:30) India Standard Time (Asia/Kolkata)|GMT+05:30
12:37:26.1 (1093363)|EXECUTION_STARTED
12:37:26.1 (1103107)|CODE_UNIT_STARTED|[EXTERNAL]|apex://revenue/ACTION$Revenue
12:37:26.1 (1949474)|CODE_UNIT_STARTED|[EXTERNAL]|01pQy00000DzNY5|revenue.Revenue()
12:37:26.1 (2349580)|HEAP_ALLOCATE|[93]|Bytes:3
12:37:26.1 (2458871)|HEAP_ALLOCATE|[98]|Bytes:152
12:37:26.1 (2479368)|HEAP_ALLOCATE|[415]|Bytes:408
12:37:26.1 (2498148)|HEAP_ALLOCATE|[428]|Bytes:408
12:37:26.1 (2514154)|HEAP_ALLOCATE|[536]|Bytes:48
12:37:26.1 (2549716)|HEAP_ALLOCATE|[247]|Bytes:6
12:37:26.1 (2565081)|HEAP_ALLOCATE|[EXTERNAL]|Bytes:1
12:37:26.1 (2577013)|METHOD_ENTRY|[1]|01pQy00000DzNY5|revenue.revenue()
12:37:26.1 (2584615)|STATEMENT_EXECUTE|[1]
12:37:26.1 (2591527)|STATEMENT_EXECUTE|[1]
12:37:26.1 (2618177)|HEAP_ALLOCATE|[68]|Bytes:5
12:37:26.1 (2648343)|HEAP_ALLOCATE|[74]|Bytes:5
12:37:26.1 (2655043)|HEAP_ALLOCATE|[82]|Bytes:7
12:37:26.1 (2679921)|HEAP_ALLOCATE|[EXTERNAL]|Bytes:5
12:37:26.1 (2691818)|METHOD_EXIT|[1]|revenue
12:37:26.1 (2704320)|HEAP_ALLOCATE|[5]|Bytes:5
12:37:26.1 (2708634)|STATEMENT_EXECUTE|[3]
12:37:26.1 (2710330)|STATEMENT_EXECUTE|[5]
12:37:26.1 (2712675)|HEAP_ALLOCATE|[5]|Bytes:91
12:37:26.1 (2734254)|HEAP_ALLOCATE|[5]|Bytes:4
12:37:26.1 (5003926)|SOQL_EXECUTE_BEGIN|[5]|Aggregations:0|SELECT Id, Name, AnnualRevenue FROM Account ORDER BY AnnualRevenue DESC NULLS FIRST LIMIT 5
12:37:26.1 (23759971)|SOQL_EXECUTE_END|[5]|Rows:5
12:37:26.1 (23788181)|HEAP_ALLOCATE|[5]|Bytes:24
12:37:26.1 (23819269)|HEAP_ALLOCATE|[5]|Bytes:290
12:37:26.1 (23854469)|HEAP_ALLOCATE|[5]|Bytes:24
12:37:26.1 (23871134)|VARIABLE_SCOPE_BEGIN|[5]|revenueBucket|List<Account>|true|false
12:37:26.1 (23930408)|VARIABLE_ASSIGNMENT|[5]|revenueBucket|[{"Id":"001Qy00000VS87RIAT","Name":"United Oil & Gas, UK"},{"Id":"001Qy00000VS87SIAT","Name":"United Oil & Gas, Si (7 more) ..."},{"Id":"001Qy00000VS25nIAD","Name":"Sample Account for E (11 more) ..."},{"Id":"001Qy00000VS87QIAT","Name":"University of Arizon (1 more) ..."},{"Id":"001Qy00000VS87UIAT","Name":"sForce"}]|0x2526fc09
12:37:26.1 (23940186)|STATEMENT_EXECUTE|[7]
12:37:26.24 (24009384)|CUMULATIVE_LIMIT_USAGE
12:37:26.24 (24009384)|LIMIT_USAGE_FOR_NS|(default)|
  Number of SOQL queries: 1 out of 100
  Number of query rows: 5 out of 50000
  Number of SOSL queries: 0 out of 20
  Number of DML statements: 0 out of 0
  Number of Publish Immediate DML: 0 out of 150
  Number of DML rows: 0 out of 10000
  Maximum CPU time: 0 out of 10000
  Maximum heap size: 0 out of 6000000
  Number of callouts: 0 out of 100
  Number of Email Invocations: 0 out of 10
  Number of future calls: 0 out of 50
  Number of queueable jobs added to the queue: 0 out of 50
  Number of Mobile Apex push calls: 0 out of 10

12:37:26.24 (24009384)|CUMULATIVE_LIMIT_USAGE_END

12:37:26.1 (24032459)|CODE_UNIT_FINISHED|revenue.Revenue()
12:37:26.1 (24194549)|CODE_UNIT_FINISHED|apex://revenue/ACTION$Revenue
12:37:26.1 (24198565)|EXECUTION_FINISHED
