63.0 APEX_CODE,FINEST;APEX_PROFILING,INFO;CALLOUT,INFO;DATA_ACCESS,NONE;DB,FINEST;NBA,INFO;SYSTEM,FINE;VALIDATION,INFO;VISUALFORCE,FINER;WAVE,INFO;WORKFLOW,FINE
19:25:29.0 (184609)|USER_INFO|[EXTERNAL]|005Qy000007oDQL|sai@kir.com|(GMT+05:30) India Standard Time (Asia/Kolkata)|GMT+05:30
19:25:29.0 (215829)|EXECUTION_STARTED
19:25:29.0 (224501)|CODE_UNIT_STARTED|[EXTERNAL]|01pQy00000EHFl3|batchapex1
19:25:29.0 (928325)|HEAP_ALLOCATE|[EXTERNAL]|Bytes:4
19:25:29.0 (3683874)|HEAP_ALLOCATE|[93]|Bytes:3
19:25:29.0 (3738558)|HEAP_ALLOCATE|[98]|Bytes:152
19:25:29.0 (3753507)|HEAP_ALLOCATE|[415]|Bytes:408
19:25:29.0 (3767688)|HEAP_ALLOCATE|[428]|Bytes:408
19:25:29.0 (3779315)|HEAP_ALLOCATE|[536]|Bytes:48
19:25:29.0 (3805251)|HEAP_ALLOCATE|[247]|Bytes:6
19:25:29.0 (3839327)|HEAP_ALLOCATE|[EXTERNAL]|Bytes:11
19:25:29.0 (3853632)|SYSTEM_METHOD_ENTRY|[15]|BatchableContextImpl.BatchableContextImpl()
19:25:29.0 (3858325)|STATEMENT_EXECUTE|[15]
19:25:29.0 (3866217)|SYSTEM_METHOD_EXIT|[15]|BatchableContextImpl
19:25:29.0 (3873093)|HEAP_ALLOCATE|[EXTERNAL]|Bytes:12
19:25:29.0 (3877477)|HEAP_ALLOCATE|[EXTERNAL]|Bytes:4
19:25:29.0 (3881797)|VARIABLE_SCOPE_BEGIN|[31]|this|Database.BatchableContextImpl|true|false
19:25:29.0 (3949033)|VARIABLE_ASSIGNMENT|[31]|this|{}|0x2f142ee1
19:25:29.0 (3953224)|VARIABLE_SCOPE_BEGIN|[31]|jobId|Id|false|false
19:25:29.0 (4046764)|VARIABLE_ASSIGNMENT|[31]|jobId|"707Qy00000OPypFIAT"
19:25:29.0 (4050255)|VARIABLE_SCOPE_BEGIN|[31]|childJobId|Id|false|false
19:25:29.0 (4056009)|VARIABLE_ASSIGNMENT|[31]|childJobId|null
19:25:29.0 (14158306)|HEAP_ALLOCATE|[EXTERNAL]|Bytes:57
19:25:29.0 (14177102)|HEAP_ALLOCATE|[EXTERNAL]|Bytes:7
19:25:29.0 (14181029)|HEAP_ALLOCATE|[EXTERNAL]|Bytes:13
19:25:29.0 (14198428)|METHOD_ENTRY|[1]|01pQy00000EHFl3|batchapex1.batchapex1()
19:25:29.0 (14204506)|STATEMENT_EXECUTE|[1]
19:25:29.0 (14210145)|STATEMENT_EXECUTE|[1]
19:25:29.0 (14216011)|METHOD_EXIT|[1]|batchapex1
19:25:29.0 (14221312)|HEAP_ALLOCATE|[EXTERNAL]|Bytes:4
19:25:29.0 (14224610)|HEAP_ALLOCATE|[EXTERNAL]|Bytes:12
19:25:29.0 (14231795)|VARIABLE_SCOPE_BEGIN|[27]|this|batchapex1|true|false
19:25:29.0 (14269358)|VARIABLE_ASSIGNMENT|[27]|this|{}|0x598277c3
19:25:29.0 (14275286)|VARIABLE_SCOPE_BEGIN|[27]|bcontext|Database.BatchableContext|true|false
19:25:29.0 (14368346)|VARIABLE_ASSIGNMENT|[27]|bcontext|{"jobId":"707Qy00000OPypFIAT"}|0x2f142ee1
19:25:29.0 (14380658)|STATEMENT_EXECUTE|[27]
19:25:29.0 (14382465)|STATEMENT_EXECUTE|[30]
19:25:29.0 (14386348)|HEAP_ALLOCATE|[30]|Bytes:25
19:25:29.0 (14410191)|HEAP_ALLOCATE|[68]|Bytes:5
19:25:29.0 (14438001)|HEAP_ALLOCATE|[74]|Bytes:5
19:25:29.0 (14445817)|HEAP_ALLOCATE|[82]|Bytes:7
19:25:29.0 (14480486)|SYSTEM_METHOD_ENTRY|[30]|System.debug(ANY)
19:25:29.0 (14503028)|USER_DEBUG|[30]|DEBUG|Final Method is executed 
19:25:29.0 (14510851)|SYSTEM_METHOD_EXIT|[30]|System.debug(ANY)
19:25:29.0 (14514932)|STATEMENT_EXECUTE|[31]
19:25:29.0 (14517436)|HEAP_ALLOCATE|[31]|Bytes:12
19:25:29.0 (14536116)|METHOD_ENTRY|[31]||Database.BatchableContextImpl.getJobId()
19:25:29.0 (14553952)|METHOD_EXIT|[31]||Database.BatchableContextImpl.getJobId()
19:25:29.0 (14595924)|SYSTEM_METHOD_ENTRY|[31]|String.valueOf(Object)
19:25:29.0 (14602441)|HEAP_ALLOCATE|[31]|Bytes:18
19:25:29.0 (14611564)|SYSTEM_METHOD_EXIT|[31]|String.valueOf(Object)
19:25:29.0 (14619875)|HEAP_ALLOCATE|[31]|Bytes:30
19:25:29.0 (14627516)|SYSTEM_METHOD_ENTRY|[31]|System.debug(ANY)
19:25:29.0 (14631276)|USER_DEBUG|[31]|DEBUG|Batch is is 707Qy00000OPypFIAT
19:25:29.0 (14636008)|SYSTEM_METHOD_EXIT|[31]|System.debug(ANY)
19:25:29.0 (14639477)|STATEMENT_EXECUTE|[32]
19:25:29.0 (14641688)|HEAP_ALLOCATE|[32]|Bytes:122
19:25:29.0 (14657383)|HEAP_ALLOCATE|[32]|Bytes:4
19:25:29.0 (14666458)|HEAP_ALLOCATE|[32]|Bytes:7
19:25:29.0 (14673277)|METHOD_ENTRY|[34]||Database.BatchableContextImpl.getJobId()
19:25:29.0 (14686065)|METHOD_EXIT|[34]||Database.BatchableContextImpl.getJobId()
19:25:29.0 (16018173)|SOQL_EXECUTE_BEGIN|[32]|Aggregations:0|SELECT Id, Status, NumberOfErrors, JobItemsProcessed, TotalJobItems, CreatedBy.Email FROM AsyncApexJob WHERE Id = :tmpVar1
19:25:29.0 (40089910)|SOQL_EXECUTE_EXPLAIN|[32]|Index on AsyncApexJob : [Id], cardinality: 1, sobjectCardinality: 1, relativeCost 1
19:25:29.0 (40108565)|SOQL_EXECUTE_END|[32]|Rows:1
19:25:29.0 (40136170)|HEAP_ALLOCATE|[32]|Bytes:8
19:25:29.0 (40185445)|HEAP_ALLOCATE|[32]|Bytes:230
19:25:29.0 (40321430)|HEAP_ALLOCATE|[32]|Bytes:8
19:25:29.0 (40343902)|HEAP_ALLOCATE|[32]|Bytes:38
19:25:29.0 (40416798)|HEAP_ALLOCATE|[32]|Bytes:32
19:25:29.0 (40429554)|VARIABLE_SCOPE_BEGIN|[32]|jobDetails|AsyncApexJob|true|false
19:25:29.0 (40483196)|VARIABLE_ASSIGNMENT|[32]|jobDetails|{"Id":"707Qy00000OPypFIAT","Status":"Completed","NumberOfErrors":0,"JobItemsProcessed":19,"TotalJobItems":19,"CreatedById":"005Qy000007oDQLIA2","CreatedBy":{"Id":"005Qy000007oDQLIA2","Email":"martalasaikiranreddy (11 more) ..."}}|0x493392df
19:25:29.0 (40501934)|STATEMENT_EXECUTE|[35]
19:25:29.0 (40535774)|SYSTEM_METHOD_ENTRY|[35]|System.debug(ANY)
19:25:29.0 (40625438)|USER_DEBUG|[35]|DEBUG|AsyncApexJob:{Id=707Qy00000OPypFIAT, Status=Completed, NumberOfErrors=0, JobItemsProcessed=19, TotalJobItems=19, CreatedById=005Qy000007oDQLIA2}
19:25:29.0 (40636162)|SYSTEM_METHOD_EXIT|[35]|System.debug(ANY)
19:25:29.0 (40640262)|STATEMENT_EXECUTE|[36]
19:25:29.0 (40721767)|VARIABLE_SCOPE_BEGIN|[36]|mail|Messaging.SingleEmailMessage|true|false
19:25:29.0 (40787993)|VARIABLE_ASSIGNMENT|[36]|mail|"common.api.soap.wsdl.SingleEmailMessage@6969fdd5"|0x12a4b437
19:25:29.0 (40794503)|STATEMENT_EXECUTE|[37]
19:25:29.0 (40810073)|HEAP_ALLOCATE|[37]|Bytes:4
19:25:29.0 (40827645)|SYSTEM_CONSTRUCTOR_ENTRY|[37]|<init>()
19:25:29.0 (40848314)|SYSTEM_CONSTRUCTOR_EXIT|[37]|<init>()
19:25:29.0 (40981095)|HEAP_ALLOCATE|[37]|Bytes:34
19:25:29.0 (40988442)|VARIABLE_SCOPE_BEGIN|[37]|toAddresses|List<String>|true|false
19:25:29.0 (41020393)|HEAP_ALLOCATE|[EXTERNAL]|Bytes:12
19:25:29.0 (41041551)|VARIABLE_ASSIGNMENT|[37]|toAddresses|["martalasaikiranreddy (11 more) ...","martalasaikiranreddy (14 more) ..."]|0x418d4fa5
19:25:29.0 (41047155)|STATEMENT_EXECUTE|[38]
19:25:29.0 (41091935)|STATEMENT_EXECUTE|[39]
19:25:29.0 (41094610)|HEAP_ALLOCATE|[39]|Bytes:27
19:25:29.0 (41121912)|HEAP_ALLOCATE|[39]|Bytes:36
19:25:29.0 (41157998)|STATEMENT_EXECUTE|[40]
19:25:29.0 (41159928)|HEAP_ALLOCATE|[41]|Bytes:29
19:25:29.0 (41207797)|SYSTEM_METHOD_ENTRY|[41]|String.valueOf(Object)
19:25:29.0 (41223893)|HEAP_ALLOCATE|[41]|Bytes:2
19:25:29.0 (41233538)|SYSTEM_METHOD_EXIT|[41]|String.valueOf(Object)
19:25:29.0 (41237788)|HEAP_ALLOCATE|[42]|Bytes:14
19:25:29.0 (41258298)|SYSTEM_METHOD_ENTRY|[42]|String.valueOf(Object)
19:25:29.0 (41264954)|HEAP_ALLOCATE|[42]|Bytes:1
19:25:29.0 (41273183)|SYSTEM_METHOD_EXIT|[42]|String.valueOf(Object)
19:25:29.0 (41276595)|HEAP_ALLOCATE|[42]|Bytes:10
19:25:29.0 (41286839)|HEAP_ALLOCATE|[41]|Bytes:56
19:25:29.0 (41301376)|STATEMENT_EXECUTE|[43]
19:25:29.0 (41325418)|HEAP_ALLOCATE|[43]|Bytes:4
19:25:29.0 (41356822)|SYSTEM_CONSTRUCTOR_ENTRY|[43]|<init>()
19:25:29.0 (41372049)|SYSTEM_CONSTRUCTOR_EXIT|[43]|<init>()
19:25:29.0 (41396909)|HEAP_ALLOCATE|[EXTERNAL]|Bytes:8
19:25:29.0 (41411318)|SYSTEM_METHOD_ENTRY|[43]|Messaging.sendEmail(List<Messaging.Email>)
19:25:29.0 (41462619)|HEAP_ALLOCATE|[EXTERNAL]|Bytes:8
19:25:29.0 (137466850)|EMAIL_QUEUE|[43]|subject: Apex Sharing Recalculation Completed, bccSender: false, saveAsActivity: true, useSignature: true, toAddresses: [martalasaikiranreddy0@gmail.com, martalasaikiranreddy1119@gmail.com], plainTextBody: The batch Apex job processed 19 batches with 0 failures., 
19:25:29.0 (140990871)|HEAP_ALLOCATE|[EXTERNAL]|Bytes:8
19:25:29.0 (141026994)|SYSTEM_METHOD_EXIT|[43]|Messaging.sendEmail(List<Messaging.Email>)
19:25:29.159 (159311395)|CUMULATIVE_LIMIT_USAGE
19:25:29.159 (159311395)|LIMIT_USAGE_FOR_NS|(default)|
  Number of SOQL queries: 0 out of 200
  Number of query rows: 0 out of 50000
  Number of SOSL queries: 0 out of 20
  Number of DML statements: 0 out of 150
  Number of Publish Immediate DML: 0 out of 150
  Number of DML rows: 0 out of 10000
  Maximum CPU time: 0 out of 60000
  Maximum heap size: 0 out of 12000000
  Number of callouts: 0 out of 0
  Number of Email Invocations: 0 out of 10
  Number of future calls: 0 out of 0
  Number of queueable jobs added to the queue: 0 out of 1
  Number of Mobile Apex push calls: 0 out of 10

19:25:29.159 (159311395)|CUMULATIVE_LIMIT_USAGE_END

19:25:29.0 (159357114)|CODE_UNIT_FINISHED|batchapex1
19:25:29.0 (159370174)|EXECUTION_FINISHED
