63.0 APEX_CODE,FINEST;APEX_PROFILING,INFO;CALLOUT,INFO;DATA_ACCESS,INFO;DB,INFO;NBA,INFO;SYSTEM,DEBUG;VALIDATION,INFO;VISUALFORCE,INFO;WAVE,INFO;WORKFLOW,INFO
Execute Anonymous:  testClassAccount.test();
14:38:22.1 (1702428)|USER_INFO|[EXTERNAL]|005Qy000007oDQL|sai@kir.com|(GMT+05:30) India Standard Time (Asia/Kolkata)|GMT+05:30
14:38:22.1 (1721636)|EXECUTION_STARTED
14:38:22.1 (1731541)|CODE_UNIT_STARTED|[EXTERNAL]|execute_anonymous_apex
14:38:22.1 (1957919)|HEAP_ALLOCATE|[93]|Bytes:3
14:38:22.1 (2006015)|HEAP_ALLOCATE|[98]|Bytes:152
14:38:22.1 (2019978)|HEAP_ALLOCATE|[415]|Bytes:408
14:38:22.1 (2029778)|HEAP_ALLOCATE|[428]|Bytes:408
14:38:22.1 (2037847)|HEAP_ALLOCATE|[536]|Bytes:48
14:38:22.1 (2059464)|HEAP_ALLOCATE|[247]|Bytes:6
14:38:22.1 (2077693)|HEAP_ALLOCATE|[EXTERNAL]|Bytes:1
14:38:22.1 (2153526)|STATEMENT_EXECUTE|[1]
14:38:22.1 (2154686)|STATEMENT_EXECUTE|[1]
14:38:22.1 (2187496)|HEAP_ALLOCATE|[68]|Bytes:5
14:38:22.1 (2210130)|HEAP_ALLOCATE|[74]|Bytes:5
14:38:22.1 (2215061)|HEAP_ALLOCATE|[82]|Bytes:7
14:38:22.1 (2229844)|SYSTEM_MODE_ENTER|false
14:38:22.1 (2249408)|HEAP_ALLOCATE|[1]|Bytes:5
14:38:22.1 (18772045)|HEAP_ALLOCATE|[1]|Bytes:1
14:38:22.1 (18811351)|METHOD_ENTRY|[1]|01pQy00000E7MIH|testClassAccount.testClassAccount()
14:38:22.1 (18819719)|STATEMENT_EXECUTE|[1]
14:38:22.1 (18827864)|STATEMENT_EXECUTE|[1]
14:38:22.1 (18834735)|METHOD_EXIT|[1]|testClassAccount
14:38:22.1 (18893143)|METHOD_ENTRY|[1]|01pQy00000E7MIH|testClassAccount.test()
14:38:22.1 (18936334)|STATEMENT_EXECUTE|[3]
14:38:22.1 (18937390)|STATEMENT_EXECUTE|[4]
14:38:22.1 (32663505)|HEAP_ALLOCATE|[4]|Bytes:1
14:38:22.1 (32680896)|HEAP_ALLOCATE|[4]|Bytes:3
14:38:22.1 (32706535)|METHOD_ENTRY|[1]|01pQy00000E7EET|topFiveAnnualRevenueRecord.topFiveAnnualRevenueRecord()
14:38:22.1 (32714506)|STATEMENT_EXECUTE|[1]
14:38:22.1 (32722674)|STATEMENT_EXECUTE|[1]
14:38:22.1 (32729276)|METHOD_EXIT|[1]|topFiveAnnualRevenueRecord
14:38:22.1 (32760127)|METHOD_ENTRY|[4]|01pQy00000E7EET|topFiveAnnualRevenueRecord.topFiveRevenueRecord()
14:38:22.1 (32813700)|STATEMENT_EXECUTE|[2]
14:38:22.1 (32814725)|STATEMENT_EXECUTE|[3]
14:38:22.1 (32817745)|HEAP_ALLOCATE|[3]|Bytes:96
14:38:22.1 (32839325)|HEAP_ALLOCATE|[3]|Bytes:4
14:38:22.1 (33242895)|SOQL_EXECUTE_BEGIN|[3]|Aggregations:0|SELECT Name, AnnualRevenue, Industry FROM Account ORDER BY AnnualRevenue DESC NULLS LAST LIMIT 5
14:38:22.1 (60138530)|SOQL_EXECUTE_END|[3]|Rows:5
14:38:22.1 (60167437)|HEAP_ALLOCATE|[3]|Bytes:24
14:38:22.1 (60201687)|HEAP_ALLOCATE|[3]|Bytes:675
14:38:22.1 (60317471)|HEAP_ALLOCATE|[3]|Bytes:24
14:38:22.1 (60338362)|VARIABLE_SCOPE_BEGIN|[3]|topfiverevenuerecordslist|List<Account>|true|false
14:38:22.1 (60407402)|VARIABLE_ASSIGNMENT|[3]|topfiverevenuerecordslist|[{"Name":"sai","AnnualRevenue":6000000000000,"Industry":"Apparel","Id":"001Qy00000j5Fr4IAE"},{"Name":"United Oil & Gas Cor (2 more) ...","AnnualRevenue":5600000000,"Industry":"Energy","Id":"001Qy00000VS87OIAT"},{"Name":"Express Logistics an (11 more) ...","AnnualRevenue":950000000,"Industry":"Transportation","Id":"001Qy00000VS87PIAT"},{"Name":"Pyramid Construction (5 more) ...","AnnualRevenue":950000000,"Industry":"Construction","Id":"001Qy00000VS87LIAT"},{"Name":"Grand Hotels & Resor (6 more) ...","AnnualRevenue":500000000,"Industry":"Hospitality","Id":"001Qy00000VS87NIAT"}]|0x9019d80
14:38:22.1 (60419880)|STATEMENT_EXECUTE|[4]
14:38:22.1 (60424015)|HEAP_ALLOCATE|[4]|Bytes:35
14:38:22.1 (60479002)|USER_DEBUG|[4]|DEBUG|Topfive revenue accounts is created
14:38:22.1 (60538321)|STATEMENT_EXECUTE|[5]
14:38:22.1 (60539368)|STATEMENT_EXECUTE|[6]
14:38:22.1 (60540748)|HEAP_ALLOCATE|[6]|Bytes:30
14:38:22.1 (60667502)|HEAP_ALLOCATE|[6]|Bytes:542
14:38:22.1 (60679955)|HEAP_ALLOCATE|[6]|Bytes:572
14:38:22.1 (60685830)|USER_DEBUG|[6]|DEBUG|top five revenue accounts are (Account:{Name=sai, AnnualRevenue=6000000000000, Industry=Apparel, Id=001Qy00000j5Fr4IAE}, Account:{Name=United Oil & Gas Corp., AnnualRevenue=5600000000, Industry=Energy, Id=001Qy00000VS87OIAT}, Account:{Name=Express Logistics and Transport, AnnualRevenue=950000000, Industry=Transportation, Id=001Qy00000VS87PIAT}, Account:{Name=Pyramid Construction Inc., AnnualRevenue=950000000, Industry=Construction, Id=001Qy00000VS87LIAT}, Account:{Name=Grand Hotels & Resorts Ltd, AnnualRevenue=500000000, Industry=Hospitality, Id=001Qy00000VS87NIAT})
14:38:22.1 (60699492)|METHOD_EXIT|[4]|01pQy00000E7EET|topFiveAnnualRevenueRecord.topFiveRevenueRecord()
14:38:22.1 (60705058)|METHOD_EXIT|[1]|01pQy00000E7MIH|testClassAccount.test()
14:38:22.1 (60712952)|SYSTEM_MODE_EXIT|false
14:38:22.60 (60796510)|CUMULATIVE_LIMIT_USAGE
14:38:22.60 (60796510)|LIMIT_USAGE_FOR_NS|(default)|
  Number of SOQL queries: 1 out of 100
  Number of query rows: 5 out of 50000
  Number of SOSL queries: 0 out of 20
  Number of DML statements: 0 out of 150
  Number of Publish Immediate DML: 0 out of 150
  Number of DML rows: 0 out of 10000
  Maximum CPU time: 0 out of 10000
  Maximum heap size: 0 out of 6000000
  Number of callouts: 0 out of 100
  Number of Email Invocations: 0 out of 10
  Number of future calls: 0 out of 50
  Number of queueable jobs added to the queue: 0 out of 50
  Number of Mobile Apex push calls: 0 out of 10

14:38:22.60 (60796510)|CUMULATIVE_LIMIT_USAGE_END

14:38:22.1 (60825523)|CODE_UNIT_FINISHED|execute_anonymous_apex
14:38:22.1 (60832097)|EXECUTION_FINISHED
